Nonterminals useless in grammar

    test


Terminals unused in grammar

    MK_DOT
    ERROR


Rules useless in grammar

  110 test: assign_expr


State 203 conflicts: 1 shift/reduce


Grammar

    0 $accept: program $end

    1 program: global_decl_list
    2        | %empty

    3 global_decl_list: global_decl_list global_decl
    4                 | global_decl

    5 global_decl: decl_list function_decl
    6            | function_decl

    7 function_decl: type ID MK_LPAREN param_list MK_RPAREN MK_LBRACE block MK_RBRACE
    8              | VOID ID MK_LPAREN param_list MK_RPAREN MK_LBRACE block MK_RBRACE
    9              | type ID MK_LPAREN MK_RPAREN MK_LBRACE block MK_RBRACE
   10              | VOID ID MK_LPAREN MK_RPAREN MK_LBRACE block MK_RBRACE

   11 param_list: param_list MK_COMMA param
   12           | param

   13 param: type ID
   14      | type ID dim_fn

   15 dim_fn: MK_LB expr_null MK_RB
   16       | dim_fn MK_LB expr MK_RB

   17 expr_null: expr
   18          | %empty

   19 block: decl_list stmt_list
   20      | stmt_list
   21      | decl_list
   22      | %empty

   23 decl_list: decl_list decl
   24          | decl

   25 decl: type_decl
   26     | var_decl

   27 type_decl: TYPEDEF type id_list MK_SEMICOLON
   28          | TYPEDEF VOID id_list MK_SEMICOLON

   29 var_decl: type init_id_list MK_SEMICOLON
   30         | ID id_list MK_SEMICOLON

   31 type: INT
   32     | FLOAT

   33 id_list: ID
   34        | id_list MK_COMMA ID
   35        | id_list MK_COMMA ID dim_decl
   36        | ID dim_decl

   37 dim_decl: MK_LB cexpr MK_RB
   38         | dim_decl MK_LB cexpr MK_RB

   39 cexpr: cexpr OP_PLUS mcexpr
   40      | cexpr OP_MINUS mcexpr
   41      | mcexpr

   42 mcexpr: mcexpr OP_TIMES cfactor
   43       | mcexpr OP_DIVIDE cfactor
   44       | cfactor

   45 cfactor: CONST
   46        | MK_LPAREN cexpr MK_RPAREN

   47 init_id_list: init_id
   48             | init_id_list MK_COMMA init_id

   49 init_id: ID
   50        | ID dim_decl
   51        | ID OP_ASSIGN relop_expr

   52 stmt_list: stmt_list stmt
   53          | stmt

   54 stmt: MK_LBRACE block MK_RBRACE
   55     | WHILE MK_LPAREN relop_expr MK_RPAREN stmt
   56     | FOR MK_LPAREN assign_expr_list MK_SEMICOLON relop_expr_list MK_SEMICOLON assign_expr_list MK_RPAREN stmt
   57     | var_ref OP_ASSIGN relop_expr MK_SEMICOLON
   58     | IF MK_LPAREN relop_expr MK_RPAREN stmt
   59     | IF MK_LPAREN relop_expr MK_RPAREN stmt ELSE stmt
   60     | ID MK_LPAREN relop_expr_list MK_RPAREN MK_SEMICOLON
   61     | MK_SEMICOLON
   62     | RETURN MK_SEMICOLON
   63     | RETURN relop_expr MK_SEMICOLON

   64 assign_expr_list: nonempty_assign_expr_list
   65                 | %empty

   66 nonempty_assign_expr_list: nonempty_assign_expr_list MK_COMMA assign_expr
   67                          | assign_expr

   68 assign_expr: ID OP_ASSIGN relop_expr
   69            | relop_expr

   70 relop_expr: relop_term
   71           | relop_expr OP_OR relop_term

   72 relop_term: relop_factor
   73           | relop_term OP_AND relop_factor

   74 relop_factor: expr
   75             | expr rel_op expr

   76 rel_op: OP_EQ
   77       | OP_GE
   78       | OP_LE
   79       | OP_NE
   80       | OP_GT
   81       | OP_LT

   82 relop_expr_list: nonempty_relop_expr_list
   83                | %empty

   84 nonempty_relop_expr_list: nonempty_relop_expr_list MK_COMMA relop_expr
   85                         | relop_expr

   86 expr: expr add_op term
   87     | term

   88 add_op: OP_PLUS
   89       | OP_MINUS

   90 term: term mul_op factor
   91     | factor

   92 mul_op: OP_TIMES
   93       | OP_DIVIDE

   94 factor: MK_LPAREN relop_expr MK_RPAREN
   95       | OP_MINUS MK_LPAREN relop_expr MK_RPAREN
   96       | OP_NOT MK_LPAREN relop_expr MK_RPAREN
   97       | CONST
   98       | OP_MINUS CONST
   99       | OP_NOT CONST
  100       | ID MK_LPAREN relop_expr_list MK_RPAREN
  101       | OP_MINUS ID MK_LPAREN relop_expr_list MK_RPAREN
  102       | OP_NOT ID MK_LPAREN relop_expr_list MK_RPAREN
  103       | var_ref
  104       | OP_NOT var_ref
  105       | OP_MINUS var_ref

  106 var_ref: ID
  107        | ID dim_list

  108 dim_list: dim_list MK_LB expr MK_RB
  109         | MK_LB expr MK_RB


Terminals, with rules where they appear

    $end (0) 0
    error (256)
    ID <lexeme> (258) 7 8 9 10 13 14 30 33 34 35 36 49 50 51 60 68 100 101 102 106 107
    CONST <const1> (259) 45 97 98 99
    VOID (260) 8 10 28
    INT (261) 31
    FLOAT (262) 32
    IF (263) 58 59
    ELSE (264) 59
    WHILE (265) 55
    FOR (266) 56
    TYPEDEF (267) 27 28
    OP_ASSIGN (268) 51 57 68
    OP_OR (269) 71
    OP_AND (270) 73
    OP_NOT (271) 96 99 102 104
    OP_EQ (272) 76
    OP_NE (273) 79
    OP_GT (274) 80
    OP_LT (275) 81
    OP_GE (276) 77
    OP_LE (277) 78
    OP_PLUS (278) 39 88
    OP_MINUS (279) 40 89 95 98 101 105
    OP_TIMES (280) 42 92
    OP_DIVIDE (281) 43 93
    MK_LB (282) 15 16 37 38 108 109
    MK_RB (283) 15 16 37 38 108 109
    MK_LPAREN (284) 7 8 9 10 46 55 56 58 59 60 94 95 96 100 101 102
    MK_RPAREN (285) 7 8 9 10 46 55 56 58 59 60 94 95 96 100 101 102
    MK_LBRACE (286) 7 8 9 10 54
    MK_RBRACE (287) 7 8 9 10 54
    MK_COMMA (288) 11 34 35 48 66 84
    MK_SEMICOLON (289) 27 28 29 30 56 57 60 61 62 63
    MK_DOT (290)
    ERROR (291)
    RETURN (292) 62 63


Nonterminals, with rules where they appear

    $accept (38)
        on left: 0
    program <node> (39)
        on left: 1 2
        on right: 0
    global_decl_list <node> (40)
        on left: 3 4
        on right: 1 3
    global_decl <node> (41)
        on left: 5 6
        on right: 3 4
    function_decl <node> (42)
        on left: 7 8 9 10
        on right: 5 6
    param_list <node> (43)
        on left: 11 12
        on right: 7 8 11
    param <node> (44)
        on left: 13 14
        on right: 11 12
    dim_fn <node> (45)
        on left: 15 16
        on right: 14 16
    expr_null <node> (46)
        on left: 17 18
        on right: 15
    block <node> (47)
        on left: 19 20 21 22
        on right: 7 8 9 10 54
    decl_list <node> (48)
        on left: 23 24
        on right: 5 19 21 23
    decl <node> (49)
        on left: 25 26
        on right: 23 24
    type_decl <node> (50)
        on left: 27 28
        on right: 25
    var_decl <node> (51)
        on left: 29 30
        on right: 26
    type <node> (52)
        on left: 31 32
        on right: 7 9 13 14 27 29
    id_list <node> (53)
        on left: 33 34 35 36
        on right: 27 28 30 34 35
    dim_decl <node> (54)
        on left: 37 38
        on right: 35 36 38 50
    cexpr <node> (55)
        on left: 39 40 41
        on right: 37 38 39 40 46
    mcexpr <node> (56)
        on left: 42 43 44
        on right: 39 40 41 42 43
    cfactor <node> (57)
        on left: 45 46
        on right: 42 43 44
    init_id_list <node> (58)
        on left: 47 48
        on right: 29 48
    init_id <node> (59)
        on left: 49 50 51
        on right: 47 48
    stmt_list <node> (60)
        on left: 52 53
        on right: 19 20 52
    stmt <node> (61)
        on left: 54 55 56 57 58 59 60 61 62 63
        on right: 52 53 55 56 58 59
    assign_expr_list <node> (62)
        on left: 64 65
        on right: 56
    nonempty_assign_expr_list <node> (63)
        on left: 66 67
        on right: 64 66
    assign_expr <node> (64)
        on left: 68 69
        on right: 66 67
    relop_expr <node> (65)
        on left: 70 71
        on right: 51 55 57 58 59 63 68 69 71 84 85 94 95 96
    relop_term <node> (66)
        on left: 72 73
        on right: 70 71 73
    relop_factor <node> (67)
        on left: 74 75
        on right: 72 73
    rel_op <node> (68)
        on left: 76 77 78 79 80 81
        on right: 75
    relop_expr_list <node> (69)
        on left: 82 83
        on right: 56 60 100 101 102
    nonempty_relop_expr_list <node> (70)
        on left: 84 85
        on right: 82 84
    expr <node> (71)
        on left: 86 87
        on right: 16 17 74 75 86 108 109
    add_op <node> (72)
        on left: 88 89
        on right: 86
    term <node> (73)
        on left: 90 91
        on right: 86 87 90
    mul_op <node> (74)
        on left: 92 93
        on right: 90
    factor <node> (75)
        on left: 94 95 96 97 98 99 100 101 102 103 104 105
        on right: 90 91
    var_ref <node> (76)
        on left: 106 107
        on right: 57 103 104 105
    dim_list <node> (77)
        on left: 108 109
        on right: 107 108


State 0

    0 $accept: . program $end

    ID       shift, and go to state 1
    VOID     shift, and go to state 2
    INT      shift, and go to state 3
    FLOAT    shift, and go to state 4
    TYPEDEF  shift, and go to state 5

    $default  reduce using rule 2 (program)

    program           go to state 6
    global_decl_list  go to state 7
    global_decl       go to state 8
    function_decl     go to state 9
    decl_list         go to state 10
    decl              go to state 11
    type_decl         go to state 12
    var_decl          go to state 13
    type              go to state 14


State 1

   30 var_decl: ID . id_list MK_SEMICOLON

    ID  shift, and go to state 15

    id_list  go to state 16


State 2

    8 function_decl: VOID . ID MK_LPAREN param_list MK_RPAREN MK_LBRACE block MK_RBRACE
   10              | VOID . ID MK_LPAREN MK_RPAREN MK_LBRACE block MK_RBRACE

    ID  shift, and go to state 17


State 3

   31 type: INT .

    $default  reduce using rule 31 (type)


State 4

   32 type: FLOAT .

    $default  reduce using rule 32 (type)


State 5

   27 type_decl: TYPEDEF . type id_list MK_SEMICOLON
   28          | TYPEDEF . VOID id_list MK_SEMICOLON

    VOID   shift, and go to state 18
    INT    shift, and go to state 3
    FLOAT  shift, and go to state 4

    type  go to state 19


State 6

    0 $accept: program . $end

    $end  shift, and go to state 20


State 7

    1 program: global_decl_list .
    3 global_decl_list: global_decl_list . global_decl

    ID       shift, and go to state 1
    VOID     shift, and go to state 2
    INT      shift, and go to state 3
    FLOAT    shift, and go to state 4
    TYPEDEF  shift, and go to state 5

    $default  reduce using rule 1 (program)

    global_decl    go to state 21
    function_decl  go to state 9
    decl_list      go to state 10
    decl           go to state 11
    type_decl      go to state 12
    var_decl       go to state 13
    type           go to state 14


State 8

    4 global_decl_list: global_decl .

    $default  reduce using rule 4 (global_decl_list)


State 9

    6 global_decl: function_decl .

    $default  reduce using rule 6 (global_decl)


State 10

    5 global_decl: decl_list . function_decl
   23 decl_list: decl_list . decl

    ID       shift, and go to state 1
    VOID     shift, and go to state 2
    INT      shift, and go to state 3
    FLOAT    shift, and go to state 4
    TYPEDEF  shift, and go to state 5

    function_decl  go to state 22
    decl           go to state 23
    type_decl      go to state 12
    var_decl       go to state 13
    type           go to state 14


State 11

   24 decl_list: decl .

    $default  reduce using rule 24 (decl_list)


State 12

   25 decl: type_decl .

    $default  reduce using rule 25 (decl)


State 13

   26 decl: var_decl .

    $default  reduce using rule 26 (decl)


State 14

    7 function_decl: type . ID MK_LPAREN param_list MK_RPAREN MK_LBRACE block MK_RBRACE
    9              | type . ID MK_LPAREN MK_RPAREN MK_LBRACE block MK_RBRACE
   29 var_decl: type . init_id_list MK_SEMICOLON

    ID  shift, and go to state 24

    init_id_list  go to state 25
    init_id       go to state 26


State 15

   33 id_list: ID .
   36        | ID . dim_decl

    MK_LB  shift, and go to state 27

    $default  reduce using rule 33 (id_list)

    dim_decl  go to state 28


State 16

   30 var_decl: ID id_list . MK_SEMICOLON
   34 id_list: id_list . MK_COMMA ID
   35        | id_list . MK_COMMA ID dim_decl

    MK_COMMA      shift, and go to state 29
    MK_SEMICOLON  shift, and go to state 30


State 17

    8 function_decl: VOID ID . MK_LPAREN param_list MK_RPAREN MK_LBRACE block MK_RBRACE
   10              | VOID ID . MK_LPAREN MK_RPAREN MK_LBRACE block MK_RBRACE

    MK_LPAREN  shift, and go to state 31


State 18

   28 type_decl: TYPEDEF VOID . id_list MK_SEMICOLON

    ID  shift, and go to state 15

    id_list  go to state 32


State 19

   27 type_decl: TYPEDEF type . id_list MK_SEMICOLON

    ID  shift, and go to state 15

    id_list  go to state 33


State 20

    0 $accept: program $end .

    $default  accept


State 21

    3 global_decl_list: global_decl_list global_decl .

    $default  reduce using rule 3 (global_decl_list)


State 22

    5 global_decl: decl_list function_decl .

    $default  reduce using rule 5 (global_decl)


State 23

   23 decl_list: decl_list decl .

    $default  reduce using rule 23 (decl_list)


State 24

    7 function_decl: type ID . MK_LPAREN param_list MK_RPAREN MK_LBRACE block MK_RBRACE
    9              | type ID . MK_LPAREN MK_RPAREN MK_LBRACE block MK_RBRACE
   49 init_id: ID .
   50        | ID . dim_decl
   51        | ID . OP_ASSIGN relop_expr

    OP_ASSIGN  shift, and go to state 34
    MK_LB      shift, and go to state 27
    MK_LPAREN  shift, and go to state 35

    $default  reduce using rule 49 (init_id)

    dim_decl  go to state 36


State 25

   29 var_decl: type init_id_list . MK_SEMICOLON
   48 init_id_list: init_id_list . MK_COMMA init_id

    MK_COMMA      shift, and go to state 37
    MK_SEMICOLON  shift, and go to state 38


State 26

   47 init_id_list: init_id .

    $default  reduce using rule 47 (init_id_list)


State 27

   37 dim_decl: MK_LB . cexpr MK_RB

    CONST      shift, and go to state 39
    MK_LPAREN  shift, and go to state 40

    cexpr    go to state 41
    mcexpr   go to state 42
    cfactor  go to state 43


State 28

   36 id_list: ID dim_decl .
   38 dim_decl: dim_decl . MK_LB cexpr MK_RB

    MK_LB  shift, and go to state 44

    $default  reduce using rule 36 (id_list)


State 29

   34 id_list: id_list MK_COMMA . ID
   35        | id_list MK_COMMA . ID dim_decl

    ID  shift, and go to state 45


State 30

   30 var_decl: ID id_list MK_SEMICOLON .

    $default  reduce using rule 30 (var_decl)


State 31

    8 function_decl: VOID ID MK_LPAREN . param_list MK_RPAREN MK_LBRACE block MK_RBRACE
   10              | VOID ID MK_LPAREN . MK_RPAREN MK_LBRACE block MK_RBRACE

    INT        shift, and go to state 3
    FLOAT      shift, and go to state 4
    MK_RPAREN  shift, and go to state 46

    param_list  go to state 47
    param       go to state 48
    type        go to state 49


State 32

   28 type_decl: TYPEDEF VOID id_list . MK_SEMICOLON
   34 id_list: id_list . MK_COMMA ID
   35        | id_list . MK_COMMA ID dim_decl

    MK_COMMA      shift, and go to state 29
    MK_SEMICOLON  shift, and go to state 50


State 33

   27 type_decl: TYPEDEF type id_list . MK_SEMICOLON
   34 id_list: id_list . MK_COMMA ID
   35        | id_list . MK_COMMA ID dim_decl

    MK_COMMA      shift, and go to state 29
    MK_SEMICOLON  shift, and go to state 51


State 34

   51 init_id: ID OP_ASSIGN . relop_expr

    ID         shift, and go to state 52
    CONST      shift, and go to state 53
    OP_NOT     shift, and go to state 54
    OP_MINUS   shift, and go to state 55
    MK_LPAREN  shift, and go to state 56

    relop_expr    go to state 57
    relop_term    go to state 58
    relop_factor  go to state 59
    expr          go to state 60
    term          go to state 61
    factor        go to state 62
    var_ref       go to state 63


State 35

    7 function_decl: type ID MK_LPAREN . param_list MK_RPAREN MK_LBRACE block MK_RBRACE
    9              | type ID MK_LPAREN . MK_RPAREN MK_LBRACE block MK_RBRACE

    INT        shift, and go to state 3
    FLOAT      shift, and go to state 4
    MK_RPAREN  shift, and go to state 64

    param_list  go to state 65
    param       go to state 48
    type        go to state 49


State 36

   38 dim_decl: dim_decl . MK_LB cexpr MK_RB
   50 init_id: ID dim_decl .

    MK_LB  shift, and go to state 44

    $default  reduce using rule 50 (init_id)


State 37

   48 init_id_list: init_id_list MK_COMMA . init_id

    ID  shift, and go to state 66

    init_id  go to state 67


State 38

   29 var_decl: type init_id_list MK_SEMICOLON .

    $default  reduce using rule 29 (var_decl)


State 39

   45 cfactor: CONST .

    $default  reduce using rule 45 (cfactor)


State 40

   46 cfactor: MK_LPAREN . cexpr MK_RPAREN

    CONST      shift, and go to state 39
    MK_LPAREN  shift, and go to state 40

    cexpr    go to state 68
    mcexpr   go to state 42
    cfactor  go to state 43


State 41

   37 dim_decl: MK_LB cexpr . MK_RB
   39 cexpr: cexpr . OP_PLUS mcexpr
   40      | cexpr . OP_MINUS mcexpr

    OP_PLUS   shift, and go to state 69
    OP_MINUS  shift, and go to state 70
    MK_RB     shift, and go to state 71


State 42

   41 cexpr: mcexpr .
   42 mcexpr: mcexpr . OP_TIMES cfactor
   43       | mcexpr . OP_DIVIDE cfactor

    OP_TIMES   shift, and go to state 72
    OP_DIVIDE  shift, and go to state 73

    $default  reduce using rule 41 (cexpr)


State 43

   44 mcexpr: cfactor .

    $default  reduce using rule 44 (mcexpr)


State 44

   38 dim_decl: dim_decl MK_LB . cexpr MK_RB

    CONST      shift, and go to state 39
    MK_LPAREN  shift, and go to state 40

    cexpr    go to state 74
    mcexpr   go to state 42
    cfactor  go to state 43


State 45

   34 id_list: id_list MK_COMMA ID .
   35        | id_list MK_COMMA ID . dim_decl

    MK_LB  shift, and go to state 27

    $default  reduce using rule 34 (id_list)

    dim_decl  go to state 75


State 46

   10 function_decl: VOID ID MK_LPAREN MK_RPAREN . MK_LBRACE block MK_RBRACE

    MK_LBRACE  shift, and go to state 76


State 47

    8 function_decl: VOID ID MK_LPAREN param_list . MK_RPAREN MK_LBRACE block MK_RBRACE
   11 param_list: param_list . MK_COMMA param

    MK_RPAREN  shift, and go to state 77
    MK_COMMA   shift, and go to state 78


State 48

   12 param_list: param .

    $default  reduce using rule 12 (param_list)


State 49

   13 param: type . ID
   14      | type . ID dim_fn

    ID  shift, and go to state 79


State 50

   28 type_decl: TYPEDEF VOID id_list MK_SEMICOLON .

    $default  reduce using rule 28 (type_decl)


State 51

   27 type_decl: TYPEDEF type id_list MK_SEMICOLON .

    $default  reduce using rule 27 (type_decl)


State 52

  100 factor: ID . MK_LPAREN relop_expr_list MK_RPAREN
  106 var_ref: ID .
  107        | ID . dim_list

    MK_LB      shift, and go to state 80
    MK_LPAREN  shift, and go to state 81

    $default  reduce using rule 106 (var_ref)

    dim_list  go to state 82


State 53

   97 factor: CONST .

    $default  reduce using rule 97 (factor)


State 54

   96 factor: OP_NOT . MK_LPAREN relop_expr MK_RPAREN
   99       | OP_NOT . CONST
  102       | OP_NOT . ID MK_LPAREN relop_expr_list MK_RPAREN
  104       | OP_NOT . var_ref

    ID         shift, and go to state 83
    CONST      shift, and go to state 84
    MK_LPAREN  shift, and go to state 85

    var_ref  go to state 86


State 55

   95 factor: OP_MINUS . MK_LPAREN relop_expr MK_RPAREN
   98       | OP_MINUS . CONST
  101       | OP_MINUS . ID MK_LPAREN relop_expr_list MK_RPAREN
  105       | OP_MINUS . var_ref

    ID         shift, and go to state 87
    CONST      shift, and go to state 88
    MK_LPAREN  shift, and go to state 89

    var_ref  go to state 90


State 56

   94 factor: MK_LPAREN . relop_expr MK_RPAREN

    ID         shift, and go to state 52
    CONST      shift, and go to state 53
    OP_NOT     shift, and go to state 54
    OP_MINUS   shift, and go to state 55
    MK_LPAREN  shift, and go to state 56

    relop_expr    go to state 91
    relop_term    go to state 58
    relop_factor  go to state 59
    expr          go to state 60
    term          go to state 61
    factor        go to state 62
    var_ref       go to state 63


State 57

   51 init_id: ID OP_ASSIGN relop_expr .
   71 relop_expr: relop_expr . OP_OR relop_term

    OP_OR  shift, and go to state 92

    $default  reduce using rule 51 (init_id)


State 58

   70 relop_expr: relop_term .
   73 relop_term: relop_term . OP_AND relop_factor

    OP_AND  shift, and go to state 93

    $default  reduce using rule 70 (relop_expr)


State 59

   72 relop_term: relop_factor .

    $default  reduce using rule 72 (relop_term)


State 60

   74 relop_factor: expr .
   75             | expr . rel_op expr
   86 expr: expr . add_op term

    OP_EQ     shift, and go to state 94
    OP_NE     shift, and go to state 95
    OP_GT     shift, and go to state 96
    OP_LT     shift, and go to state 97
    OP_GE     shift, and go to state 98
    OP_LE     shift, and go to state 99
    OP_PLUS   shift, and go to state 100
    OP_MINUS  shift, and go to state 101

    $default  reduce using rule 74 (relop_factor)

    rel_op  go to state 102
    add_op  go to state 103


State 61

   87 expr: term .
   90 term: term . mul_op factor

    OP_TIMES   shift, and go to state 104
    OP_DIVIDE  shift, and go to state 105

    $default  reduce using rule 87 (expr)

    mul_op  go to state 106


State 62

   91 term: factor .

    $default  reduce using rule 91 (term)


State 63

  103 factor: var_ref .

    $default  reduce using rule 103 (factor)


State 64

    9 function_decl: type ID MK_LPAREN MK_RPAREN . MK_LBRACE block MK_RBRACE

    MK_LBRACE  shift, and go to state 107


State 65

    7 function_decl: type ID MK_LPAREN param_list . MK_RPAREN MK_LBRACE block MK_RBRACE
   11 param_list: param_list . MK_COMMA param

    MK_RPAREN  shift, and go to state 108
    MK_COMMA   shift, and go to state 78


State 66

   49 init_id: ID .
   50        | ID . dim_decl
   51        | ID . OP_ASSIGN relop_expr

    OP_ASSIGN  shift, and go to state 34
    MK_LB      shift, and go to state 27

    $default  reduce using rule 49 (init_id)

    dim_decl  go to state 36


State 67

   48 init_id_list: init_id_list MK_COMMA init_id .

    $default  reduce using rule 48 (init_id_list)


State 68

   39 cexpr: cexpr . OP_PLUS mcexpr
   40      | cexpr . OP_MINUS mcexpr
   46 cfactor: MK_LPAREN cexpr . MK_RPAREN

    OP_PLUS    shift, and go to state 69
    OP_MINUS   shift, and go to state 70
    MK_RPAREN  shift, and go to state 109


State 69

   39 cexpr: cexpr OP_PLUS . mcexpr

    CONST      shift, and go to state 39
    MK_LPAREN  shift, and go to state 40

    mcexpr   go to state 110
    cfactor  go to state 43


State 70

   40 cexpr: cexpr OP_MINUS . mcexpr

    CONST      shift, and go to state 39
    MK_LPAREN  shift, and go to state 40

    mcexpr   go to state 111
    cfactor  go to state 43


State 71

   37 dim_decl: MK_LB cexpr MK_RB .

    $default  reduce using rule 37 (dim_decl)


State 72

   42 mcexpr: mcexpr OP_TIMES . cfactor

    CONST      shift, and go to state 39
    MK_LPAREN  shift, and go to state 40

    cfactor  go to state 112


State 73

   43 mcexpr: mcexpr OP_DIVIDE . cfactor

    CONST      shift, and go to state 39
    MK_LPAREN  shift, and go to state 40

    cfactor  go to state 113


State 74

   38 dim_decl: dim_decl MK_LB cexpr . MK_RB
   39 cexpr: cexpr . OP_PLUS mcexpr
   40      | cexpr . OP_MINUS mcexpr

    OP_PLUS   shift, and go to state 69
    OP_MINUS  shift, and go to state 70
    MK_RB     shift, and go to state 114


State 75

   35 id_list: id_list MK_COMMA ID dim_decl .
   38 dim_decl: dim_decl . MK_LB cexpr MK_RB

    MK_LB  shift, and go to state 44

    $default  reduce using rule 35 (id_list)


State 76

   10 function_decl: VOID ID MK_LPAREN MK_RPAREN MK_LBRACE . block MK_RBRACE

    ID            shift, and go to state 115
    INT           shift, and go to state 3
    FLOAT         shift, and go to state 4
    IF            shift, and go to state 116
    WHILE         shift, and go to state 117
    FOR           shift, and go to state 118
    TYPEDEF       shift, and go to state 5
    MK_LBRACE     shift, and go to state 119
    MK_SEMICOLON  shift, and go to state 120
    RETURN        shift, and go to state 121

    $default  reduce using rule 22 (block)

    block      go to state 122
    decl_list  go to state 123
    decl       go to state 11
    type_decl  go to state 12
    var_decl   go to state 13
    type       go to state 124
    stmt_list  go to state 125
    stmt       go to state 126
    var_ref    go to state 127


State 77

    8 function_decl: VOID ID MK_LPAREN param_list MK_RPAREN . MK_LBRACE block MK_RBRACE

    MK_LBRACE  shift, and go to state 128


State 78

   11 param_list: param_list MK_COMMA . param

    INT    shift, and go to state 3
    FLOAT  shift, and go to state 4

    param  go to state 129
    type   go to state 49


State 79

   13 param: type ID .
   14      | type ID . dim_fn

    MK_LB  shift, and go to state 130

    $default  reduce using rule 13 (param)

    dim_fn  go to state 131


State 80

  109 dim_list: MK_LB . expr MK_RB

    ID         shift, and go to state 52
    CONST      shift, and go to state 53
    OP_NOT     shift, and go to state 54
    OP_MINUS   shift, and go to state 55
    MK_LPAREN  shift, and go to state 56

    expr     go to state 132
    term     go to state 61
    factor   go to state 62
    var_ref  go to state 63


State 81

  100 factor: ID MK_LPAREN . relop_expr_list MK_RPAREN

    ID         shift, and go to state 52
    CONST      shift, and go to state 53
    OP_NOT     shift, and go to state 54
    OP_MINUS   shift, and go to state 55
    MK_LPAREN  shift, and go to state 56

    $default  reduce using rule 83 (relop_expr_list)

    relop_expr                go to state 133
    relop_term                go to state 58
    relop_factor              go to state 59
    relop_expr_list           go to state 134
    nonempty_relop_expr_list  go to state 135
    expr                      go to state 60
    term                      go to state 61
    factor                    go to state 62
    var_ref                   go to state 63


State 82

  107 var_ref: ID dim_list .
  108 dim_list: dim_list . MK_LB expr MK_RB

    MK_LB  shift, and go to state 136

    $default  reduce using rule 107 (var_ref)


State 83

  102 factor: OP_NOT ID . MK_LPAREN relop_expr_list MK_RPAREN
  106 var_ref: ID .
  107        | ID . dim_list

    MK_LB      shift, and go to state 80
    MK_LPAREN  shift, and go to state 137

    $default  reduce using rule 106 (var_ref)

    dim_list  go to state 82


State 84

   99 factor: OP_NOT CONST .

    $default  reduce using rule 99 (factor)


State 85

   96 factor: OP_NOT MK_LPAREN . relop_expr MK_RPAREN

    ID         shift, and go to state 52
    CONST      shift, and go to state 53
    OP_NOT     shift, and go to state 54
    OP_MINUS   shift, and go to state 55
    MK_LPAREN  shift, and go to state 56

    relop_expr    go to state 138
    relop_term    go to state 58
    relop_factor  go to state 59
    expr          go to state 60
    term          go to state 61
    factor        go to state 62
    var_ref       go to state 63


State 86

  104 factor: OP_NOT var_ref .

    $default  reduce using rule 104 (factor)


State 87

  101 factor: OP_MINUS ID . MK_LPAREN relop_expr_list MK_RPAREN
  106 var_ref: ID .
  107        | ID . dim_list

    MK_LB      shift, and go to state 80
    MK_LPAREN  shift, and go to state 139

    $default  reduce using rule 106 (var_ref)

    dim_list  go to state 82


State 88

   98 factor: OP_MINUS CONST .

    $default  reduce using rule 98 (factor)


State 89

   95 factor: OP_MINUS MK_LPAREN . relop_expr MK_RPAREN

    ID         shift, and go to state 52
    CONST      shift, and go to state 53
    OP_NOT     shift, and go to state 54
    OP_MINUS   shift, and go to state 55
    MK_LPAREN  shift, and go to state 56

    relop_expr    go to state 140
    relop_term    go to state 58
    relop_factor  go to state 59
    expr          go to state 60
    term          go to state 61
    factor        go to state 62
    var_ref       go to state 63


State 90

  105 factor: OP_MINUS var_ref .

    $default  reduce using rule 105 (factor)


State 91

   71 relop_expr: relop_expr . OP_OR relop_term
   94 factor: MK_LPAREN relop_expr . MK_RPAREN

    OP_OR      shift, and go to state 92
    MK_RPAREN  shift, and go to state 141


State 92

   71 relop_expr: relop_expr OP_OR . relop_term

    ID         shift, and go to state 52
    CONST      shift, and go to state 53
    OP_NOT     shift, and go to state 54
    OP_MINUS   shift, and go to state 55
    MK_LPAREN  shift, and go to state 56

    relop_term    go to state 142
    relop_factor  go to state 59
    expr          go to state 60
    term          go to state 61
    factor        go to state 62
    var_ref       go to state 63


State 93

   73 relop_term: relop_term OP_AND . relop_factor

    ID         shift, and go to state 52
    CONST      shift, and go to state 53
    OP_NOT     shift, and go to state 54
    OP_MINUS   shift, and go to state 55
    MK_LPAREN  shift, and go to state 56

    relop_factor  go to state 143
    expr          go to state 60
    term          go to state 61
    factor        go to state 62
    var_ref       go to state 63


State 94

   76 rel_op: OP_EQ .

    $default  reduce using rule 76 (rel_op)


State 95

   79 rel_op: OP_NE .

    $default  reduce using rule 79 (rel_op)


State 96

   80 rel_op: OP_GT .

    $default  reduce using rule 80 (rel_op)


State 97

   81 rel_op: OP_LT .

    $default  reduce using rule 81 (rel_op)


State 98

   77 rel_op: OP_GE .

    $default  reduce using rule 77 (rel_op)


State 99

   78 rel_op: OP_LE .

    $default  reduce using rule 78 (rel_op)


State 100

   88 add_op: OP_PLUS .

    $default  reduce using rule 88 (add_op)


State 101

   89 add_op: OP_MINUS .

    $default  reduce using rule 89 (add_op)


State 102

   75 relop_factor: expr rel_op . expr

    ID         shift, and go to state 52
    CONST      shift, and go to state 53
    OP_NOT     shift, and go to state 54
    OP_MINUS   shift, and go to state 55
    MK_LPAREN  shift, and go to state 56

    expr     go to state 144
    term     go to state 61
    factor   go to state 62
    var_ref  go to state 63


State 103

   86 expr: expr add_op . term

    ID         shift, and go to state 52
    CONST      shift, and go to state 53
    OP_NOT     shift, and go to state 54
    OP_MINUS   shift, and go to state 55
    MK_LPAREN  shift, and go to state 56

    term     go to state 145
    factor   go to state 62
    var_ref  go to state 63


State 104

   92 mul_op: OP_TIMES .

    $default  reduce using rule 92 (mul_op)


State 105

   93 mul_op: OP_DIVIDE .

    $default  reduce using rule 93 (mul_op)


State 106

   90 term: term mul_op . factor

    ID         shift, and go to state 52
    CONST      shift, and go to state 53
    OP_NOT     shift, and go to state 54
    OP_MINUS   shift, and go to state 55
    MK_LPAREN  shift, and go to state 56

    factor   go to state 146
    var_ref  go to state 63


State 107

    9 function_decl: type ID MK_LPAREN MK_RPAREN MK_LBRACE . block MK_RBRACE

    ID            shift, and go to state 115
    INT           shift, and go to state 3
    FLOAT         shift, and go to state 4
    IF            shift, and go to state 116
    WHILE         shift, and go to state 117
    FOR           shift, and go to state 118
    TYPEDEF       shift, and go to state 5
    MK_LBRACE     shift, and go to state 119
    MK_SEMICOLON  shift, and go to state 120
    RETURN        shift, and go to state 121

    $default  reduce using rule 22 (block)

    block      go to state 147
    decl_list  go to state 123
    decl       go to state 11
    type_decl  go to state 12
    var_decl   go to state 13
    type       go to state 124
    stmt_list  go to state 125
    stmt       go to state 126
    var_ref    go to state 127


State 108

    7 function_decl: type ID MK_LPAREN param_list MK_RPAREN . MK_LBRACE block MK_RBRACE

    MK_LBRACE  shift, and go to state 148


State 109

   46 cfactor: MK_LPAREN cexpr MK_RPAREN .

    $default  reduce using rule 46 (cfactor)


State 110

   39 cexpr: cexpr OP_PLUS mcexpr .
   42 mcexpr: mcexpr . OP_TIMES cfactor
   43       | mcexpr . OP_DIVIDE cfactor

    OP_TIMES   shift, and go to state 72
    OP_DIVIDE  shift, and go to state 73

    $default  reduce using rule 39 (cexpr)


State 111

   40 cexpr: cexpr OP_MINUS mcexpr .
   42 mcexpr: mcexpr . OP_TIMES cfactor
   43       | mcexpr . OP_DIVIDE cfactor

    OP_TIMES   shift, and go to state 72
    OP_DIVIDE  shift, and go to state 73

    $default  reduce using rule 40 (cexpr)


State 112

   42 mcexpr: mcexpr OP_TIMES cfactor .

    $default  reduce using rule 42 (mcexpr)


State 113

   43 mcexpr: mcexpr OP_DIVIDE cfactor .

    $default  reduce using rule 43 (mcexpr)


State 114

   38 dim_decl: dim_decl MK_LB cexpr MK_RB .

    $default  reduce using rule 38 (dim_decl)


State 115

   30 var_decl: ID . id_list MK_SEMICOLON
   60 stmt: ID . MK_LPAREN relop_expr_list MK_RPAREN MK_SEMICOLON
  106 var_ref: ID .
  107        | ID . dim_list

    ID         shift, and go to state 15
    MK_LB      shift, and go to state 80
    MK_LPAREN  shift, and go to state 149

    $default  reduce using rule 106 (var_ref)

    id_list   go to state 16
    dim_list  go to state 82


State 116

   58 stmt: IF . MK_LPAREN relop_expr MK_RPAREN stmt
   59     | IF . MK_LPAREN relop_expr MK_RPAREN stmt ELSE stmt

    MK_LPAREN  shift, and go to state 150


State 117

   55 stmt: WHILE . MK_LPAREN relop_expr MK_RPAREN stmt

    MK_LPAREN  shift, and go to state 151


State 118

   56 stmt: FOR . MK_LPAREN assign_expr_list MK_SEMICOLON relop_expr_list MK_SEMICOLON assign_expr_list MK_RPAREN stmt

    MK_LPAREN  shift, and go to state 152


State 119

   54 stmt: MK_LBRACE . block MK_RBRACE

    ID            shift, and go to state 115
    INT           shift, and go to state 3
    FLOAT         shift, and go to state 4
    IF            shift, and go to state 116
    WHILE         shift, and go to state 117
    FOR           shift, and go to state 118
    TYPEDEF       shift, and go to state 5
    MK_LBRACE     shift, and go to state 119
    MK_SEMICOLON  shift, and go to state 120
    RETURN        shift, and go to state 121

    $default  reduce using rule 22 (block)

    block      go to state 153
    decl_list  go to state 123
    decl       go to state 11
    type_decl  go to state 12
    var_decl   go to state 13
    type       go to state 124
    stmt_list  go to state 125
    stmt       go to state 126
    var_ref    go to state 127


State 120

   61 stmt: MK_SEMICOLON .

    $default  reduce using rule 61 (stmt)


State 121

   62 stmt: RETURN . MK_SEMICOLON
   63     | RETURN . relop_expr MK_SEMICOLON

    ID            shift, and go to state 52
    CONST         shift, and go to state 53
    OP_NOT        shift, and go to state 54
    OP_MINUS      shift, and go to state 55
    MK_LPAREN     shift, and go to state 56
    MK_SEMICOLON  shift, and go to state 154

    relop_expr    go to state 155
    relop_term    go to state 58
    relop_factor  go to state 59
    expr          go to state 60
    term          go to state 61
    factor        go to state 62
    var_ref       go to state 63


State 122

   10 function_decl: VOID ID MK_LPAREN MK_RPAREN MK_LBRACE block . MK_RBRACE

    MK_RBRACE  shift, and go to state 156


State 123

   19 block: decl_list . stmt_list
   21      | decl_list .
   23 decl_list: decl_list . decl

    ID            shift, and go to state 115
    INT           shift, and go to state 3
    FLOAT         shift, and go to state 4
    IF            shift, and go to state 116
    WHILE         shift, and go to state 117
    FOR           shift, and go to state 118
    TYPEDEF       shift, and go to state 5
    MK_LBRACE     shift, and go to state 119
    MK_SEMICOLON  shift, and go to state 120
    RETURN        shift, and go to state 121

    $default  reduce using rule 21 (block)

    decl       go to state 23
    type_decl  go to state 12
    var_decl   go to state 13
    type       go to state 124
    stmt_list  go to state 157
    stmt       go to state 126
    var_ref    go to state 127


State 124

   29 var_decl: type . init_id_list MK_SEMICOLON

    ID  shift, and go to state 66

    init_id_list  go to state 25
    init_id       go to state 26


State 125

   20 block: stmt_list .
   52 stmt_list: stmt_list . stmt

    ID            shift, and go to state 158
    IF            shift, and go to state 116
    WHILE         shift, and go to state 117
    FOR           shift, and go to state 118
    MK_LBRACE     shift, and go to state 119
    MK_SEMICOLON  shift, and go to state 120
    RETURN        shift, and go to state 121

    $default  reduce using rule 20 (block)

    stmt     go to state 159
    var_ref  go to state 127


State 126

   53 stmt_list: stmt .

    $default  reduce using rule 53 (stmt_list)


State 127

   57 stmt: var_ref . OP_ASSIGN relop_expr MK_SEMICOLON

    OP_ASSIGN  shift, and go to state 160


State 128

    8 function_decl: VOID ID MK_LPAREN param_list MK_RPAREN MK_LBRACE . block MK_RBRACE

    ID            shift, and go to state 115
    INT           shift, and go to state 3
    FLOAT         shift, and go to state 4
    IF            shift, and go to state 116
    WHILE         shift, and go to state 117
    FOR           shift, and go to state 118
    TYPEDEF       shift, and go to state 5
    MK_LBRACE     shift, and go to state 119
    MK_SEMICOLON  shift, and go to state 120
    RETURN        shift, and go to state 121

    $default  reduce using rule 22 (block)

    block      go to state 161
    decl_list  go to state 123
    decl       go to state 11
    type_decl  go to state 12
    var_decl   go to state 13
    type       go to state 124
    stmt_list  go to state 125
    stmt       go to state 126
    var_ref    go to state 127


State 129

   11 param_list: param_list MK_COMMA param .

    $default  reduce using rule 11 (param_list)


State 130

   15 dim_fn: MK_LB . expr_null MK_RB

    ID         shift, and go to state 52
    CONST      shift, and go to state 53
    OP_NOT     shift, and go to state 54
    OP_MINUS   shift, and go to state 55
    MK_LPAREN  shift, and go to state 56

    $default  reduce using rule 18 (expr_null)

    expr_null  go to state 162
    expr       go to state 163
    term       go to state 61
    factor     go to state 62
    var_ref    go to state 63


State 131

   14 param: type ID dim_fn .
   16 dim_fn: dim_fn . MK_LB expr MK_RB

    MK_LB  shift, and go to state 164

    $default  reduce using rule 14 (param)


State 132

   86 expr: expr . add_op term
  109 dim_list: MK_LB expr . MK_RB

    OP_PLUS   shift, and go to state 100
    OP_MINUS  shift, and go to state 101
    MK_RB     shift, and go to state 165

    add_op  go to state 103


State 133

   71 relop_expr: relop_expr . OP_OR relop_term
   85 nonempty_relop_expr_list: relop_expr .

    OP_OR  shift, and go to state 92

    $default  reduce using rule 85 (nonempty_relop_expr_list)


State 134

  100 factor: ID MK_LPAREN relop_expr_list . MK_RPAREN

    MK_RPAREN  shift, and go to state 166


State 135

   82 relop_expr_list: nonempty_relop_expr_list .
   84 nonempty_relop_expr_list: nonempty_relop_expr_list . MK_COMMA relop_expr

    MK_COMMA  shift, and go to state 167

    $default  reduce using rule 82 (relop_expr_list)


State 136

  108 dim_list: dim_list MK_LB . expr MK_RB

    ID         shift, and go to state 52
    CONST      shift, and go to state 53
    OP_NOT     shift, and go to state 54
    OP_MINUS   shift, and go to state 55
    MK_LPAREN  shift, and go to state 56

    expr     go to state 168
    term     go to state 61
    factor   go to state 62
    var_ref  go to state 63


State 137

  102 factor: OP_NOT ID MK_LPAREN . relop_expr_list MK_RPAREN

    ID         shift, and go to state 52
    CONST      shift, and go to state 53
    OP_NOT     shift, and go to state 54
    OP_MINUS   shift, and go to state 55
    MK_LPAREN  shift, and go to state 56

    $default  reduce using rule 83 (relop_expr_list)

    relop_expr                go to state 133
    relop_term                go to state 58
    relop_factor              go to state 59
    relop_expr_list           go to state 169
    nonempty_relop_expr_list  go to state 135
    expr                      go to state 60
    term                      go to state 61
    factor                    go to state 62
    var_ref                   go to state 63


State 138

   71 relop_expr: relop_expr . OP_OR relop_term
   96 factor: OP_NOT MK_LPAREN relop_expr . MK_RPAREN

    OP_OR      shift, and go to state 92
    MK_RPAREN  shift, and go to state 170


State 139

  101 factor: OP_MINUS ID MK_LPAREN . relop_expr_list MK_RPAREN

    ID         shift, and go to state 52
    CONST      shift, and go to state 53
    OP_NOT     shift, and go to state 54
    OP_MINUS   shift, and go to state 55
    MK_LPAREN  shift, and go to state 56

    $default  reduce using rule 83 (relop_expr_list)

    relop_expr                go to state 133
    relop_term                go to state 58
    relop_factor              go to state 59
    relop_expr_list           go to state 171
    nonempty_relop_expr_list  go to state 135
    expr                      go to state 60
    term                      go to state 61
    factor                    go to state 62
    var_ref                   go to state 63


State 140

   71 relop_expr: relop_expr . OP_OR relop_term
   95 factor: OP_MINUS MK_LPAREN relop_expr . MK_RPAREN

    OP_OR      shift, and go to state 92
    MK_RPAREN  shift, and go to state 172


State 141

   94 factor: MK_LPAREN relop_expr MK_RPAREN .

    $default  reduce using rule 94 (factor)


State 142

   71 relop_expr: relop_expr OP_OR relop_term .
   73 relop_term: relop_term . OP_AND relop_factor

    OP_AND  shift, and go to state 93

    $default  reduce using rule 71 (relop_expr)


State 143

   73 relop_term: relop_term OP_AND relop_factor .

    $default  reduce using rule 73 (relop_term)


State 144

   75 relop_factor: expr rel_op expr .
   86 expr: expr . add_op term

    OP_PLUS   shift, and go to state 100
    OP_MINUS  shift, and go to state 101

    $default  reduce using rule 75 (relop_factor)

    add_op  go to state 103


State 145

   86 expr: expr add_op term .
   90 term: term . mul_op factor

    OP_TIMES   shift, and go to state 104
    OP_DIVIDE  shift, and go to state 105

    $default  reduce using rule 86 (expr)

    mul_op  go to state 106


State 146

   90 term: term mul_op factor .

    $default  reduce using rule 90 (term)


State 147

    9 function_decl: type ID MK_LPAREN MK_RPAREN MK_LBRACE block . MK_RBRACE

    MK_RBRACE  shift, and go to state 173


State 148

    7 function_decl: type ID MK_LPAREN param_list MK_RPAREN MK_LBRACE . block MK_RBRACE

    ID            shift, and go to state 115
    INT           shift, and go to state 3
    FLOAT         shift, and go to state 4
    IF            shift, and go to state 116
    WHILE         shift, and go to state 117
    FOR           shift, and go to state 118
    TYPEDEF       shift, and go to state 5
    MK_LBRACE     shift, and go to state 119
    MK_SEMICOLON  shift, and go to state 120
    RETURN        shift, and go to state 121

    $default  reduce using rule 22 (block)

    block      go to state 174
    decl_list  go to state 123
    decl       go to state 11
    type_decl  go to state 12
    var_decl   go to state 13
    type       go to state 124
    stmt_list  go to state 125
    stmt       go to state 126
    var_ref    go to state 127


State 149

   60 stmt: ID MK_LPAREN . relop_expr_list MK_RPAREN MK_SEMICOLON

    ID         shift, and go to state 52
    CONST      shift, and go to state 53
    OP_NOT     shift, and go to state 54
    OP_MINUS   shift, and go to state 55
    MK_LPAREN  shift, and go to state 56

    $default  reduce using rule 83 (relop_expr_list)

    relop_expr                go to state 133
    relop_term                go to state 58
    relop_factor              go to state 59
    relop_expr_list           go to state 175
    nonempty_relop_expr_list  go to state 135
    expr                      go to state 60
    term                      go to state 61
    factor                    go to state 62
    var_ref                   go to state 63


State 150

   58 stmt: IF MK_LPAREN . relop_expr MK_RPAREN stmt
   59     | IF MK_LPAREN . relop_expr MK_RPAREN stmt ELSE stmt

    ID         shift, and go to state 52
    CONST      shift, and go to state 53
    OP_NOT     shift, and go to state 54
    OP_MINUS   shift, and go to state 55
    MK_LPAREN  shift, and go to state 56

    relop_expr    go to state 176
    relop_term    go to state 58
    relop_factor  go to state 59
    expr          go to state 60
    term          go to state 61
    factor        go to state 62
    var_ref       go to state 63


State 151

   55 stmt: WHILE MK_LPAREN . relop_expr MK_RPAREN stmt

    ID         shift, and go to state 52
    CONST      shift, and go to state 53
    OP_NOT     shift, and go to state 54
    OP_MINUS   shift, and go to state 55
    MK_LPAREN  shift, and go to state 56

    relop_expr    go to state 177
    relop_term    go to state 58
    relop_factor  go to state 59
    expr          go to state 60
    term          go to state 61
    factor        go to state 62
    var_ref       go to state 63


State 152

   56 stmt: FOR MK_LPAREN . assign_expr_list MK_SEMICOLON relop_expr_list MK_SEMICOLON assign_expr_list MK_RPAREN stmt

    ID         shift, and go to state 178
    CONST      shift, and go to state 53
    OP_NOT     shift, and go to state 54
    OP_MINUS   shift, and go to state 55
    MK_LPAREN  shift, and go to state 56

    $default  reduce using rule 65 (assign_expr_list)

    assign_expr_list           go to state 179
    nonempty_assign_expr_list  go to state 180
    assign_expr                go to state 181
    relop_expr                 go to state 182
    relop_term                 go to state 58
    relop_factor               go to state 59
    expr                       go to state 60
    term                       go to state 61
    factor                     go to state 62
    var_ref                    go to state 63


State 153

   54 stmt: MK_LBRACE block . MK_RBRACE

    MK_RBRACE  shift, and go to state 183


State 154

   62 stmt: RETURN MK_SEMICOLON .

    $default  reduce using rule 62 (stmt)


State 155

   63 stmt: RETURN relop_expr . MK_SEMICOLON
   71 relop_expr: relop_expr . OP_OR relop_term

    OP_OR         shift, and go to state 92
    MK_SEMICOLON  shift, and go to state 184


State 156

   10 function_decl: VOID ID MK_LPAREN MK_RPAREN MK_LBRACE block MK_RBRACE .

    $default  reduce using rule 10 (function_decl)


State 157

   19 block: decl_list stmt_list .
   52 stmt_list: stmt_list . stmt

    ID            shift, and go to state 158
    IF            shift, and go to state 116
    WHILE         shift, and go to state 117
    FOR           shift, and go to state 118
    MK_LBRACE     shift, and go to state 119
    MK_SEMICOLON  shift, and go to state 120
    RETURN        shift, and go to state 121

    $default  reduce using rule 19 (block)

    stmt     go to state 159
    var_ref  go to state 127


State 158

   60 stmt: ID . MK_LPAREN relop_expr_list MK_RPAREN MK_SEMICOLON
  106 var_ref: ID .
  107        | ID . dim_list

    MK_LB      shift, and go to state 80
    MK_LPAREN  shift, and go to state 149

    $default  reduce using rule 106 (var_ref)

    dim_list  go to state 82


State 159

   52 stmt_list: stmt_list stmt .

    $default  reduce using rule 52 (stmt_list)


State 160

   57 stmt: var_ref OP_ASSIGN . relop_expr MK_SEMICOLON

    ID         shift, and go to state 52
    CONST      shift, and go to state 53
    OP_NOT     shift, and go to state 54
    OP_MINUS   shift, and go to state 55
    MK_LPAREN  shift, and go to state 56

    relop_expr    go to state 185
    relop_term    go to state 58
    relop_factor  go to state 59
    expr          go to state 60
    term          go to state 61
    factor        go to state 62
    var_ref       go to state 63


State 161

    8 function_decl: VOID ID MK_LPAREN param_list MK_RPAREN MK_LBRACE block . MK_RBRACE

    MK_RBRACE  shift, and go to state 186


State 162

   15 dim_fn: MK_LB expr_null . MK_RB

    MK_RB  shift, and go to state 187


State 163

   17 expr_null: expr .
   86 expr: expr . add_op term

    OP_PLUS   shift, and go to state 100
    OP_MINUS  shift, and go to state 101

    $default  reduce using rule 17 (expr_null)

    add_op  go to state 103


State 164

   16 dim_fn: dim_fn MK_LB . expr MK_RB

    ID         shift, and go to state 52
    CONST      shift, and go to state 53
    OP_NOT     shift, and go to state 54
    OP_MINUS   shift, and go to state 55
    MK_LPAREN  shift, and go to state 56

    expr     go to state 188
    term     go to state 61
    factor   go to state 62
    var_ref  go to state 63


State 165

  109 dim_list: MK_LB expr MK_RB .

    $default  reduce using rule 109 (dim_list)


State 166

  100 factor: ID MK_LPAREN relop_expr_list MK_RPAREN .

    $default  reduce using rule 100 (factor)


State 167

   84 nonempty_relop_expr_list: nonempty_relop_expr_list MK_COMMA . relop_expr

    ID         shift, and go to state 52
    CONST      shift, and go to state 53
    OP_NOT     shift, and go to state 54
    OP_MINUS   shift, and go to state 55
    MK_LPAREN  shift, and go to state 56

    relop_expr    go to state 189
    relop_term    go to state 58
    relop_factor  go to state 59
    expr          go to state 60
    term          go to state 61
    factor        go to state 62
    var_ref       go to state 63


State 168

   86 expr: expr . add_op term
  108 dim_list: dim_list MK_LB expr . MK_RB

    OP_PLUS   shift, and go to state 100
    OP_MINUS  shift, and go to state 101
    MK_RB     shift, and go to state 190

    add_op  go to state 103


State 169

  102 factor: OP_NOT ID MK_LPAREN relop_expr_list . MK_RPAREN

    MK_RPAREN  shift, and go to state 191


State 170

   96 factor: OP_NOT MK_LPAREN relop_expr MK_RPAREN .

    $default  reduce using rule 96 (factor)


State 171

  101 factor: OP_MINUS ID MK_LPAREN relop_expr_list . MK_RPAREN

    MK_RPAREN  shift, and go to state 192


State 172

   95 factor: OP_MINUS MK_LPAREN relop_expr MK_RPAREN .

    $default  reduce using rule 95 (factor)


State 173

    9 function_decl: type ID MK_LPAREN MK_RPAREN MK_LBRACE block MK_RBRACE .

    $default  reduce using rule 9 (function_decl)


State 174

    7 function_decl: type ID MK_LPAREN param_list MK_RPAREN MK_LBRACE block . MK_RBRACE

    MK_RBRACE  shift, and go to state 193


State 175

   60 stmt: ID MK_LPAREN relop_expr_list . MK_RPAREN MK_SEMICOLON

    MK_RPAREN  shift, and go to state 194


State 176

   58 stmt: IF MK_LPAREN relop_expr . MK_RPAREN stmt
   59     | IF MK_LPAREN relop_expr . MK_RPAREN stmt ELSE stmt
   71 relop_expr: relop_expr . OP_OR relop_term

    OP_OR      shift, and go to state 92
    MK_RPAREN  shift, and go to state 195


State 177

   55 stmt: WHILE MK_LPAREN relop_expr . MK_RPAREN stmt
   71 relop_expr: relop_expr . OP_OR relop_term

    OP_OR      shift, and go to state 92
    MK_RPAREN  shift, and go to state 196


State 178

   68 assign_expr: ID . OP_ASSIGN relop_expr
  100 factor: ID . MK_LPAREN relop_expr_list MK_RPAREN
  106 var_ref: ID .
  107        | ID . dim_list

    OP_ASSIGN  shift, and go to state 197
    MK_LB      shift, and go to state 80
    MK_LPAREN  shift, and go to state 81

    $default  reduce using rule 106 (var_ref)

    dim_list  go to state 82


State 179

   56 stmt: FOR MK_LPAREN assign_expr_list . MK_SEMICOLON relop_expr_list MK_SEMICOLON assign_expr_list MK_RPAREN stmt

    MK_SEMICOLON  shift, and go to state 198


State 180

   64 assign_expr_list: nonempty_assign_expr_list .
   66 nonempty_assign_expr_list: nonempty_assign_expr_list . MK_COMMA assign_expr

    MK_COMMA  shift, and go to state 199

    $default  reduce using rule 64 (assign_expr_list)


State 181

   67 nonempty_assign_expr_list: assign_expr .

    $default  reduce using rule 67 (nonempty_assign_expr_list)


State 182

   69 assign_expr: relop_expr .
   71 relop_expr: relop_expr . OP_OR relop_term

    OP_OR  shift, and go to state 92

    $default  reduce using rule 69 (assign_expr)


State 183

   54 stmt: MK_LBRACE block MK_RBRACE .

    $default  reduce using rule 54 (stmt)


State 184

   63 stmt: RETURN relop_expr MK_SEMICOLON .

    $default  reduce using rule 63 (stmt)


State 185

   57 stmt: var_ref OP_ASSIGN relop_expr . MK_SEMICOLON
   71 relop_expr: relop_expr . OP_OR relop_term

    OP_OR         shift, and go to state 92
    MK_SEMICOLON  shift, and go to state 200


State 186

    8 function_decl: VOID ID MK_LPAREN param_list MK_RPAREN MK_LBRACE block MK_RBRACE .

    $default  reduce using rule 8 (function_decl)


State 187

   15 dim_fn: MK_LB expr_null MK_RB .

    $default  reduce using rule 15 (dim_fn)


State 188

   16 dim_fn: dim_fn MK_LB expr . MK_RB
   86 expr: expr . add_op term

    OP_PLUS   shift, and go to state 100
    OP_MINUS  shift, and go to state 101
    MK_RB     shift, and go to state 201

    add_op  go to state 103


State 189

   71 relop_expr: relop_expr . OP_OR relop_term
   84 nonempty_relop_expr_list: nonempty_relop_expr_list MK_COMMA relop_expr .

    OP_OR  shift, and go to state 92

    $default  reduce using rule 84 (nonempty_relop_expr_list)


State 190

  108 dim_list: dim_list MK_LB expr MK_RB .

    $default  reduce using rule 108 (dim_list)


State 191

  102 factor: OP_NOT ID MK_LPAREN relop_expr_list MK_RPAREN .

    $default  reduce using rule 102 (factor)


State 192

  101 factor: OP_MINUS ID MK_LPAREN relop_expr_list MK_RPAREN .

    $default  reduce using rule 101 (factor)


State 193

    7 function_decl: type ID MK_LPAREN param_list MK_RPAREN MK_LBRACE block MK_RBRACE .

    $default  reduce using rule 7 (function_decl)


State 194

   60 stmt: ID MK_LPAREN relop_expr_list MK_RPAREN . MK_SEMICOLON

    MK_SEMICOLON  shift, and go to state 202


State 195

   58 stmt: IF MK_LPAREN relop_expr MK_RPAREN . stmt
   59     | IF MK_LPAREN relop_expr MK_RPAREN . stmt ELSE stmt

    ID            shift, and go to state 158
    IF            shift, and go to state 116
    WHILE         shift, and go to state 117
    FOR           shift, and go to state 118
    MK_LBRACE     shift, and go to state 119
    MK_SEMICOLON  shift, and go to state 120
    RETURN        shift, and go to state 121

    stmt     go to state 203
    var_ref  go to state 127


State 196

   55 stmt: WHILE MK_LPAREN relop_expr MK_RPAREN . stmt

    ID            shift, and go to state 158
    IF            shift, and go to state 116
    WHILE         shift, and go to state 117
    FOR           shift, and go to state 118
    MK_LBRACE     shift, and go to state 119
    MK_SEMICOLON  shift, and go to state 120
    RETURN        shift, and go to state 121

    stmt     go to state 204
    var_ref  go to state 127


State 197

   68 assign_expr: ID OP_ASSIGN . relop_expr

    ID         shift, and go to state 52
    CONST      shift, and go to state 53
    OP_NOT     shift, and go to state 54
    OP_MINUS   shift, and go to state 55
    MK_LPAREN  shift, and go to state 56

    relop_expr    go to state 205
    relop_term    go to state 58
    relop_factor  go to state 59
    expr          go to state 60
    term          go to state 61
    factor        go to state 62
    var_ref       go to state 63


State 198

   56 stmt: FOR MK_LPAREN assign_expr_list MK_SEMICOLON . relop_expr_list MK_SEMICOLON assign_expr_list MK_RPAREN stmt

    ID         shift, and go to state 52
    CONST      shift, and go to state 53
    OP_NOT     shift, and go to state 54
    OP_MINUS   shift, and go to state 55
    MK_LPAREN  shift, and go to state 56

    $default  reduce using rule 83 (relop_expr_list)

    relop_expr                go to state 133
    relop_term                go to state 58
    relop_factor              go to state 59
    relop_expr_list           go to state 206
    nonempty_relop_expr_list  go to state 135
    expr                      go to state 60
    term                      go to state 61
    factor                    go to state 62
    var_ref                   go to state 63


State 199

   66 nonempty_assign_expr_list: nonempty_assign_expr_list MK_COMMA . assign_expr

    ID         shift, and go to state 178
    CONST      shift, and go to state 53
    OP_NOT     shift, and go to state 54
    OP_MINUS   shift, and go to state 55
    MK_LPAREN  shift, and go to state 56

    assign_expr   go to state 207
    relop_expr    go to state 182
    relop_term    go to state 58
    relop_factor  go to state 59
    expr          go to state 60
    term          go to state 61
    factor        go to state 62
    var_ref       go to state 63


State 200

   57 stmt: var_ref OP_ASSIGN relop_expr MK_SEMICOLON .

    $default  reduce using rule 57 (stmt)


State 201

   16 dim_fn: dim_fn MK_LB expr MK_RB .

    $default  reduce using rule 16 (dim_fn)


State 202

   60 stmt: ID MK_LPAREN relop_expr_list MK_RPAREN MK_SEMICOLON .

    $default  reduce using rule 60 (stmt)


State 203

   58 stmt: IF MK_LPAREN relop_expr MK_RPAREN stmt .
   59     | IF MK_LPAREN relop_expr MK_RPAREN stmt . ELSE stmt

    ELSE  shift, and go to state 208

    ELSE      [reduce using rule 58 (stmt)]
    $default  reduce using rule 58 (stmt)


State 204

   55 stmt: WHILE MK_LPAREN relop_expr MK_RPAREN stmt .

    $default  reduce using rule 55 (stmt)


State 205

   68 assign_expr: ID OP_ASSIGN relop_expr .
   71 relop_expr: relop_expr . OP_OR relop_term

    OP_OR  shift, and go to state 92

    $default  reduce using rule 68 (assign_expr)


State 206

   56 stmt: FOR MK_LPAREN assign_expr_list MK_SEMICOLON relop_expr_list . MK_SEMICOLON assign_expr_list MK_RPAREN stmt

    MK_SEMICOLON  shift, and go to state 209


State 207

   66 nonempty_assign_expr_list: nonempty_assign_expr_list MK_COMMA assign_expr .

    $default  reduce using rule 66 (nonempty_assign_expr_list)


State 208

   59 stmt: IF MK_LPAREN relop_expr MK_RPAREN stmt ELSE . stmt

    ID            shift, and go to state 158
    IF            shift, and go to state 116
    WHILE         shift, and go to state 117
    FOR           shift, and go to state 118
    MK_LBRACE     shift, and go to state 119
    MK_SEMICOLON  shift, and go to state 120
    RETURN        shift, and go to state 121

    stmt     go to state 210
    var_ref  go to state 127


State 209

   56 stmt: FOR MK_LPAREN assign_expr_list MK_SEMICOLON relop_expr_list MK_SEMICOLON . assign_expr_list MK_RPAREN stmt

    ID         shift, and go to state 178
    CONST      shift, and go to state 53
    OP_NOT     shift, and go to state 54
    OP_MINUS   shift, and go to state 55
    MK_LPAREN  shift, and go to state 56

    $default  reduce using rule 65 (assign_expr_list)

    assign_expr_list           go to state 211
    nonempty_assign_expr_list  go to state 180
    assign_expr                go to state 181
    relop_expr                 go to state 182
    relop_term                 go to state 58
    relop_factor               go to state 59
    expr                       go to state 60
    term                       go to state 61
    factor                     go to state 62
    var_ref                    go to state 63


State 210

   59 stmt: IF MK_LPAREN relop_expr MK_RPAREN stmt ELSE stmt .

    $default  reduce using rule 59 (stmt)


State 211

   56 stmt: FOR MK_LPAREN assign_expr_list MK_SEMICOLON relop_expr_list MK_SEMICOLON assign_expr_list . MK_RPAREN stmt

    MK_RPAREN  shift, and go to state 212


State 212

   56 stmt: FOR MK_LPAREN assign_expr_list MK_SEMICOLON relop_expr_list MK_SEMICOLON assign_expr_list MK_RPAREN . stmt

    ID            shift, and go to state 158
    IF            shift, and go to state 116
    WHILE         shift, and go to state 117
    FOR           shift, and go to state 118
    MK_LBRACE     shift, and go to state 119
    MK_SEMICOLON  shift, and go to state 120
    RETURN        shift, and go to state 121

    stmt     go to state 213
    var_ref  go to state 127


State 213

   56 stmt: FOR MK_LPAREN assign_expr_list MK_SEMICOLON relop_expr_list MK_SEMICOLON assign_expr_list MK_RPAREN stmt .

    $default  reduce using rule 56 (stmt)
